[    0.000000] Initializing cgroup subsys cpuset
[    0.000000] Initializing cgroup subsys cpu
[    0.000000] Initializing cgroup subsys cpuacct
[    0.000000 Lux vesion 4.4.072-gneic(buil@ly01-7)gcc vrsn 5.4. 20160609 (Ubuntu 5.4.0-6ubuntu1~16.04.4) ) #93-Ubuntu SMP Fri Mar 31 14:07:41 UTC 2017 (Ubuntu 4.4.0-72.93-generic 4.4.49)
[    0.000000] Command line: BOOT_IMAGE=/boot/vmlinuz-4.4.0-72-generic root=UUID=4fae6a32-9ab9-4410-b742-ee286b41554a ro console=tty1 console=ttyS0
[    0.000000] KERNEL supported cpus:
[    0.00000]   Intel GenuneIntel
[    0.000000]   AMD AuthenticAMD
[    0.000000]   Centaur CentaurHauls
[    0.000000] x86/fpu: xstate_offset[2]:  576, xstate_sizes[2]:  256
[    0.000000] x86/fpu: Supporting XSAVE feature 0x01: 'x87 floating point registers'
[    0.000000] x86/fpu: Supporting XSAVE feature 0x02: 'SSE registers'
[    0.000000] x86/fpu: Supporting XSAVE feature 0x04: 'AVX registers'
[    0.000000] x86/fpu: Enabled xstate features 0x7, context size is 832 bytes, using 'standard' format.
[    0.000000] x86/fpu: Using lay' FPU context switches.
[    0.000000] e820: BIOS-provided physical RAM map:
[    0.000000] BIOS-e820: [mem 0x0000000000000000-0x000000000009fbff] usable
[    0.000000] BIOS-e820: [mem 0x000000000009fc00-0x000000000009ffff] reserved
[    0.000000] BIOS-e820: [mem 0x00000000000f0000-0x00000000000fffff] reserved
[    0.000000] BIOS-e820: [mem 0x0000000000100000-0x00000000dffeffff] usable
[    0.000000] BIOS-e820: [mem 0x00000000dfff000-0x00000000dfffffff] ACPI data
[    0.000000] BIOS-e820: [mem 0x00000000fec00000-0x00000000fec00fff] reserved
[    0.000000] BIOS-e820: [mem0x0000000fee00000-0x00000000fee00fff] resered
[   0.00000]IOS-e820 [m 0x000000fffc0000-0x0000000fffffff reserved
[   .000000] BIOS-e820: [mem 0x0000000100000000-0x000000011f3fffff] usable
[    00000] N(Eecut Dsale proteio: active
[   00000] SMBIS 5 prse.
[    0.000000] Hypervisor detected: KVM
[    0.000000] e820: last_pfn = 0x11f400 max_arch_pfn =x400000
[    0.00000]MTRR:Dibled[   0.0000 x86/ATMTRRsisbld,kipping T initaliztion too.
[   .00000] x86/ATConfiraion [0-7]: WB  WT  UCUC WB  WT  UC- UC  
[    0.000000] CPU MTRRs all blank - virtualized system.
[    0.000000] e820: last_pfn = 0xdfff0 max_arch_pfn = 0x400000000
[    0.000000] found SMP MP-table at [mem 0x0009fff0-0x0009ffff] mapped at [ffff88000009fff0]
[    0.000000] Scanning 1 areas for low memory corrupton
[    0.000000] RAMDISK: [mem 0x36238000-0x37113fff]
[    0.000000] ACPI: Early tlechesu verification disabled
[    0.000000] ACPI: RSDP 0x00000000000E0000 000024 (v02 VBOX  )
[    0.000000] ACPI: XSDT 0x00000000DFFF0030 00003C (v01 VBOX   VBOXXSDT 00000001 ASL 00006
[   0.000000] ACPI: FACP 0x00000000DFFF00F0 0000F4 (v04 VBOX   VBOXFACP 00000001 ASL  00000061)
[    0.000000] ACPI: DSDT 000000000DFFF0470 00210F (v01 VBOX   VBOXBIOS 00000002 INTL 20100528)
[    0.000000] ACPI: FACS 0x00000000DFFF0200 000040
[    0.000000] ACPI: FACS 0x00000000DFFF0200 000040
[    0.000000] ACPI: APIC 0x00000000DFFF0240 00005C (v0 VBOX VOXAC 0000001 ASL 0000061)
[  .000000] ACPI: SSDT 0x00000000DFFF02A0 0001CC (v01 VBOX   VBOXCPUT00002 INL 100528)
[    0.000000] No NUMA configuration found
[    0.000000] Faking a node at [mem 0x0000000000000000-0x000000011f3fffff]
[    0.000000] NODE_DATA(0) allocated [mem 0x11f3f9000-0x11f3fdfff]
[    0.000000] kvm-clock: Using msrs 4b564d01 and 4b564d00
[    0.000000] kvm-clok: cp 0, msr 1:1f3f101,primary cpu clck
[   0.000] kvmclk: usin sed ofs of 3664754 cles
[   0.0000] cocource: vmlock mk: 0xffffffffff max_ycs: 0x1d44dffb, mx_le_ns:8159059183 ns
[   0000000] Zone ranges:
[    0.000000]   DMA      [mem 0x0000000000001000-0x0000000000ffffff]
[    0.000000]   DMA32    [mem 0x0000000001000000-0x00000000fffffff]
[    0.000000]   Nrmal   [mem 0x000000100000000-0x0000011f3fffff]
[    0.000000]   Device   empty
[    0.000000] Movabe ne strtor eah de
  0.000000Ealy memy ode rge
[   0.0000]   od  0:[m 0x0000000010-0x00000000000efff]
[  0.000000]   node   0: [mem 0x00000000000000-0x000000dfffff][   0.000]   ode   0: [mem 0x000000100000000x0000011f3fffff]
[    0.000000] Initmem setup noe 0 [m 00000000001000-0x000000011f3fffff]
[    0.000000] ACPI: PM-Timer IO Port: 0x4008
[    0.000000] IOAPIC[0]: apic_id 2, version 32, address 0xfec00000, GSI 0-23
[   .0000 APIINT_SRCVR(bus 0 bus_irq 0 global_irq 2 dfl dfl)
[    0.000000] ACPI: INT_SRC_OVR (bus 0 bus_irq 9 global_irq 9 high level)
[    0.000000] Using ACPI (MADT) for SMP configuration information
[    0.000000] smpboot: Allowing 2 CPUs, 0 hotplug CPUs
[    0.000000] PM: Registered nosave memory: [mem 0x00000000-0x00000fff]
[    0.000000] PM: Registered nosave memory: [mem 0x0009f000-0x0009ffff]
[    0.000000] PM: Registered nosave memory: [mem 0x000a0000-0x000effff]
[    0.000000] PM: Registered nosave memory: [mem 0x000f0000-0x000fffff]
[    0.000000] PM: Registered nosave memory: [mem 0xdfff0000-0xdfffffff]
[    0.000000] PM: Registered nosave memory: [mem 0xe0000000-0xfebfffff]
[    0.000000] PM: Registered nosave memory: [mem 0xfec00000-0xfec00fff]
[    0.000000] PM: Registered nosave memory: [mem 0xfec01000-0xfedfffff]
[    0.000000] PM: Registered nosave memory: [mem 0xfee00000-0xfee00fff]
[    0.000000] PM: Registered nosave memory: [mem 0xfee01000-0xfffbffff]
[    0.000000] PM: Registered nosave memory: [mem 0xfffc0000-0xffffffff]
[    0.000000] e820: [mem 0xe0000000-0xfebfffff] available for PCI devices
[    0.000000] Booting paravirtualized kernel on KVM
[    0.000000] clocksource: refined-jiffies: mask: 0xffffffff max_cycles: 0xffffffff, max_idle_ns: 7645519600211568 ns
[    0.000000] setup_percpu: NR_CPUS:512 nr_cpumask_bits:512 nr_cpu_ids:2 n_nde_ids:1
[    0.000000] PERCPU: Embedded 33 pages/cpu @ffff88011f000000 s98264 r8192 d28712 u1048576
[    0.000000] PV qspilock hash table entries:25(order: 0, 096 bytes)
[    0.000000] Built 1 zonelists in Node order, mobility grouping on.  Total pages: 1029033
[    0.000000] Policy zone: Normal
[    0.000000] Kernel command line: BOOT_IMAGE=/boot/vmlinuz-4.4.0-72-generic root=UUID=4fae6a32-9ab9-4410-b742-ee286b41554a ro console=tty1 console=ttyS0
[    0.000000] PID hash table entries: 96 (order: , 276 bytes)
[    0.000000] Memory: 4015596K/41856 available (8452K kernel code, 1293K rwdata, 3976K rodata, 1484K init, 1316K bss, 165964K reserved, 0K cma-reserved)
[    0.000000] SLUB: HWalign=64, Order=0-3, MinObjects=0, CPUs=2, Nodes=1
[    0.000000] Hierarchical RCU implementation.
[    0.000000] 	Build-time adjustment of leaf fanout to 64.
[    0.000000] 	RCU restricting CPUs from NR_CPUS=512 to nr_cpu_ids=2.
[    0.000000] RCU: Adjusting geometry for rcu_fanout_leaf=64, nr_cpu_ids=2
[    0.000000] NR_IRQS:33024 nr_irqs:440 16
[    0.000000] Console: colour VGA+ 80x25
[    0.000000] console [tty1] enabled
[    0.000000] console [ttyS0] enabled
[    0.000000] tsc: Detected 1599.999 MHz processor
[    6.565769] Calibrating delay loop (skipped) preset value.. 3199.99 BogoMIPS (lpj=6399996)
[    6.567646] pid_max: default: 32768 minimum: 301
[    6.569890] ACPI: Core revision 20150930
[    6.571816] ACPI: 2 ACPI AML tables successfully acquired and loaded
[    6.573306] Security Framework initialized
[    6.574292] Yama: becoming mindful.
[    6.575245] AppArmor: AppArmor initialized
[    6.578158] Dentry cache hash table entries: 524288 (order: 10, 4194304 bytes)
[    6.601777] Inode-cache hash table entries: 262144 (order: 9, 2097152 bytes)
[    6.625899] Mount-cache hash table entries: 8192 (order: 4, 65536 bytes)
[    6.638179] Mountpoint-cache hash table entries: 8192 (order: 4, 65536 bytes)
[    6.648197] Initializing cgroup subsys io
[    6.668374] Initializing cgroup subsys memory
[    6.679614] Initializing cgroup subsys devices
[    6.686094] Initializing cgroup subsys freezer
[    6.703134] Initializing cgroup subsys net_cls
[    6.708455] Initializing cgroup subsys perf_event
[    6.719935] Initializing cgroup subsys net_prio
[    6.724845] Initializing cgroup subsys hugetlb
[    6.732672] Initializing cgroup subsys pids
[    6.740596] CPU: Physical Processor ID: 0
[    6.753372] CPU: Processor Core ID: 0
[    6.760740] mce: CPU supports 0 MCE banks
[    6.774018] Last level iTLB entries: 4KB 64, 2MB 8, 4MB 8
[    6.776045] Last level dTLB entries: 4KB 64, 2MB 0, 4MB 0, 1GB 4
[    6.805419] Freeing SMP alternatives memory: 32K (ffffffff820b8000 - ffffffff820c0000)
[    6.851138] ftrace: allocating 32111 entries in 126 pages
[    6.912387] smpboot: APIC(0) Converting physical 0 to logical package 0
[    6.931675] smpboot: Max logical packages: 1
[    6.933202] x2apic enabled
[    6.940213] Switched APIC routing to physical x2apic.
[    6.954652] ..TIMER: vector=0x30 apic1=0 pin1=2 apic2=-1 pin2=-1
[    7.061595] smpboot: CPU0: Intel(R) Core(TM) i5-5250U CPU @ 1.60GHz (family: 0x6, model: 0x3d, stepping: 0x4)
[    7.127932] Performance Events: unsupported p6 CPU model 61 no PMU driver, software events only.
[    7.141916] KVM setup paravirtual spinlock
[    7.168822] x86: Booting SMP configuration:
[    7.182974] .... node  #0, CPUs:      #1
[    7.219647] kvm-clock: cpu 1, msr 1:1f3f1041, secondary cpu clock
[    7.234490] mce: CPU supports 0 MCE banks
[    7.251749] x86: Booted up 1 node, 2 CPUs
[    7.266030] smpboot: Total of 2 processors activated (6399.99 BogoMIPS)
[    7.268334] devtmpfs: initialized
[    7.282994] evm: security.selinux
[    7.302463] evm: security.SMACK64
[    7.316675] evm: security.SMACK64EXEC
[    7.344337] evm: security.SMACK64TRANSMUTE
[    7.345474] evm: security.SMACK64MMAP
[    7.346480] evm: security.ima
[    7.347344] evm: security.capability
[    7.356862] clocksource: jiffies: mask: 0xffffffff max_cycles: 0xffffffff, max_idle_ns: 7645041785100000 ns
[    7.379757] pinctrl core: initialized pinctrl subsystem
[    7.383658] RTC time: 21:34:05, date: 04/14/17
[    7.385311] NET: Registered protocol family 16
[    7.417884] cpuidle: using governor ladder
[    7.438122] cpuidle: using governor menu
[    7.496496] PCCT header not found.
[    7.544223] ACPI: bus type PCI registered
[    7.576134] acpiphp: ACPI Hot Plug PCI Controller Driver version: 0.5
[    7.648346] PCI: Using configuration type 1 for base access
[    7.719330] ACPI: Added _OSI(Module Device)
[    7.744114] ACPI: Added _OSI(Processor Device)
[    7.747189] ACPI: Added _OSI(3.0 _SCP Extensions)
[    7.751012] ACPI: Added _OSI(Processor Aggregator Device)
[    7.776882] ACPI: Executed 1 blocks of module-level executable AML code
[    7.784241] ACPI: Interpreter enabled
[    7.799337] ACPI: (supports S0 S5)
[    7.810067] ACPI: Using IOAPIC for interrupt routing
[    7.871796] PCI: Using host bridge windows from ACPI; if necessary, use "pci=nocrs" and report a bug
[    7.934048] ACPI: PCI Root Bridge [PCI0] (domain 0000 [bus 00-ff])
[    7.987490] acpi PNP0A03:00: _OSC: OS supports [ASPM ClockPM Segments MSI]
[    8.074253] acpi PNP0A03:00: _OSC failed (AE_NOT_FOUND); disabling ASPM
[    8.164403] acpi PNP0A03:00: fail to add MMCONFIG information, can't access extended PCI configuration space under this bridge.
[    8.284928] PCI host bridge to bus 0000:00
[    8.332263] pci_bus 0000:00: root bus resource [io  0x0000-0x0cf7 window]
[    8.403414] pci_bus 0000:00: root bus resource [io  0x0d00-0xffff window]
[    8.422215] pci_bus 0000:00: root bus resource [mem 0x000a0000-0x000bffff window]
[    8.462896] pci_bus 0000:00: root bus resource [mem 0xe0000000-0xffdfffff window]
[    8.561025] pci_bus 0000:00: root bus resource [bus 00-ff]
[    8.586673] pci 0000:00:01.1: legacy IDE quirk: reg 0x10: [io  0x01f0-0x01f7]
[    8.669968] pci 0000:00:01.1: legacy IDE quirk: reg 0x14: [io  0x03f6]
[    8.722318] pci 0000:00:01.1: legacy IDE quirk: reg 0x18: [io  0x0170-0x0177]
[    8.770560] pci 0000:00:01.1: legacy IDE quirk: reg 0x1c: [io  0x0376]
[    8.885606] pci 0000:00:07.0: quirk: [io  0x4000-0x403f] claimed by PIIX4 ACPI
[    8.939406] pci 0000:00:07.0: quirk: [io  0x4100-0x410f] claimed by PIIX4 SMB
[    9.024735] ACPI: PCI Interrupt Link [LNKA] (IRQs 5 9 10 *11)
[    9.046728] ACPI: PCI Interrupt Link [LNKB] (IRQs 5 9 10 *11)
[    9.056760] ACPI: PCI Interrupt Link [LNKC] (IRQs 5 9 *10 11)
[    9.074981] ACPI: PCI Interrupt Link [LNKD] (IRQs 5 *9 10 11)
[    9.079804] ACPI: Enabled 2 GPEs in block 00 to 07
[    9.085153] vgaarb: setting as boot device: PCI:0000:00:02.0
[    9.088828] vgaarb: device added: PCI:0000:00:02.0,decodes=io+mem,owns=io+mem,locks=none
[    9.120554] vgaarb: loaded
[    9.121374] vgaarb: bridge control possible 0000:00:02.0
[    9.139058] SCSI subsystem initialized
[    9.148168] ACPI: bus type USB registered
[    9.149249] usbcore: registered new interface driver usbfs
[    9.164042] usbcore: registered new interface driver hub
[    9.180801] usbcore: registered new device driver usb
[    9.183873] PCI: Using ACPI for IRQ routing
[    9.204342] NetLabel: Initializing
[    9.218869] NetLabel:  domain hash size = 128
[    9.238195] NetLabel:  protocols = UNLABELED CIPSOv4
[    9.239715] NetLabel:  unlabeled traffic allowed by default
[    9.261877] amd_nb: Cannot enumerate AMD northbridges
[    9.280099] clocksource: Switched to clocksource kvm-clock
[    9.313912] AppArmor: AppArmor Filesystem Enabled
[    3231 pp:nPCPin
  9.832]np P AI:oud deice

[   10.238421] clocksource: acpi_pm: mask: 0xffffff max_cycles: 0xffffff, max_idle_ns: 2085701024 ns
[   10.384231] NET: Registered protocol family 2
[   10.480111] TCP established hash table entries: 32768 (order: 6, 262144 bytes)
[   10.624559] TCP bind hash table entries: 32768 (order: 7, 524288 bytes)
[   10.635927] TCP: Hash tables configured (established 32768 bind 32768)
[   10.704084] UDP hash table entries: 2048 (order: 4, 65536 bytes)
[   10.716911] UDP-Lite hash table entries: 2048 (order: 4, 65536 bytes)
[   10.743113] NET: Registered protocol family 1
[   10.756545] pci 0000:00:00.0: Limiting direct PCI/PCI transfers
[   10.778636] pci 0000:00:01.0: Activating ISA DMA hang workarounds
[   10.782633] Unpacking initramfs...
[   11.069508] Freeing initrd memory: 15216K (ffff880036238000 - ffff880037114000)
[   11.215594] PCI-DMA: Using software bounce buffering for IO (SWIOTLB)
[   11.219761] software IO TLB [mem 0xdbff0000-0xdfff0000] (64MB) mapped at [ffff8800dbff0000-ffff8800dffeffff]
[   11.222540] RAPL PMU detected, API unit is 2^-32 Joules, 4 fixed counters 10737418240 ms ovfl timer
[   11.259062] hw unit of domain pp0-core 2^-0 Joules
[   11.289642] hw unit of domain package 2^-0 Joules
[   11.315134] hw unit of domain dram 2^-0 Joules
[   11.382285] hw unit of domain pp1-gpu 2^-0 Joules
[   11.392892] platform rtc_cmos: registered platform RTC device (no PNP device found)
[   11.452549] Scanning for low memory corruption every 60 seconds
[   11.472196] futex hash table entries: 512 (order: 3, 32768 bytes)
[   11.476771] audit: initializing netlink subsys (disabled)
[   11.533513] audit: type=2000 audit(1492205646.461:1): initialized
[   11.564850] Initialise system trusted keyring
[   11.629498] HugeTLB registered 2 MB page size, pre-allocated 0 pages
[   11.719173 zd:oad
[  11351]FSDisk quotas dquot_6.6.0
[  1216003 VFS: Dquot-cache hash table entries: 512 (order 0, 4096 byte)
[   12.369008] squashfs: version 4.0 (2009/01/31) Phillip Lougher
[   12.393112] tsc: Rfined TSC clocksource calibration: 160.01Hz
[   12.393115] clocksource: tsc: mask: 0xffffffffffffffff max_cycles: 0x17102604879, max_idle_ns: 440795272763 ns
[   12.651478] fuse init (API version 7.23)
[  12638]eytype big_key registered
[   12.923507] Allocating IMA MOK and blacklist keyrings.
[   12.933828] Key type asymmetric registered
[   12.948807] Asymmetric key parser 'x509' registered
[   12.950419] Block layer SCSI generic (bsg) driver version 0.4 loaded (major 249)
[   12.965788] io scheduler noop registered
[   12.966951] io scheduler deadline registered (default)
[   12.969295] io scheduler cfq registered
[   12.973847] pci_hotplug: PCI Hot Plug PCI Core version: 0.5
[   12.975353] pciehp: PCI Express Hot Plug Controller Driver version: 0.4
[   12.992614]CP AAdte[A (offlie)
[   13.394466] input: Power Button as /devices/LNXSYSTM:00/LNXPWRBN:00/input/input0
[   13.453284] ACPI: Power Button [PWRF]
[   13.474026] input: Sleep Button as /devices/LNXSYSTM:00/LNXSLPBN:00/input/input1
[   13.502582] ACPI: Sleep Button [SLPF]
[   13.56125] HES HEST is not enabled!
[   13.566043] ACPI: Battery Slot [BAT0] (battery present)
[  16874Seal 80/550 drivr,2 rt I saring enabled
[   14.348283]00:02 tS0 at /Ox3 (rq 4,base_bud = 115200) is a 65A  4.42] nuagpgart inteacv003
[  1.32788loop: ode ad
[   15.665947] scsi host0: ata_pii
[   15.697380] scsi host1: ata_piix
[  1.7356] ata1: PATA max UDMA/33cm 0x1f0ctl x3 bdm 0x00irq 14

[   16.115034] ata2: PATA max UDMA/33 cmd 0x0 l 37 bmdma 0xd008 irq 15
[   16.31478] libphy: Fixed MDIO Bus: probed
[   16.394469] tun: Universal TUN/T dvice div, 6  6.57] un: (C) 1999-2004 Max Krsnanky <axk@qualomco
[   17.157817] PPP generic driver version 2.4.2
[   17.161730] ehci_hcd: USB 2.0 'Enhanced' Host Controller (EHCI) Driver
[   17.163600] ehci-pci: EHCI PCI platform driver  7.191619] ehci-platform: EHCI generic platform driver
[  17.292906] ohci_hcd: USB 1.1 'Open' Host Controller (OHCI) Driver
[   17.327658] ohci-pci: OHCI PCI platform driver
[  1.330084] ohci-platform: OHCI generic platform driver
[ 17.400360] uhci_hcd: USB Universal Host Controller Interface driver
[   17.486314] i8042: PNP P2 onoller [PNP0303:PS2K,PNP0f03:PS2M] at 0x60,0x64 irq 1,12
[   17.642581] serio: i8042 KBD port at 0x60,0x64irq 1
[   17.686413] serio: i8042 AUX port at 0x60,0x64 irq 12
[   17.6889]oude P2 us dic cmmon for all mice

[   18.154503] input: AT Translated et kybard a/devces/platfo/i804seo0np/iut
[   18.779896] rtc_cmos rtc_cmos: rtc core: registered rtc_cmos as rtc0
[   18.920396] rtc_cmos rtc_cmos: alarms up to one day, 114 bytes nvram
[   18.941181] i2c /dev entries driver
[   19.023899] device-mapper: uevent: version 1.0.3
[   19.046322] device-mapper: ioctl: 4.34.0-ioctl (2015-10-28) initialised: dm-devel@redhat.com
[   19.072582] ledtrig-cpu: registered to indicate activity on CPUs
[   19.091689] NET: Registered protocol family 10
[   19.125291] NET: Registered protocol family 17
[   19.141187] Key type dns_resolver registered
[   19.176815] microcode: CPU0 sig=0x306d4, pf=0x40, revision=0x0
[   19.251435] microcode: CPU1 sig=0x306d4, pf=0x40, revision=0x0
[   19.285343] microcode: Microcode Update Driver: v2.01 <tigran@aivazian.fsnet.co.uk>, Peter Oruba
[   19.313504] registered taskstats version 1
[   19.317530] Loading compiled-in X.509 certificates
[   19.342829] Loaded X.509 cert 'Build time autogenerated kernel key: 04ae903e4643330d1fe41947e79c28b436494994'
[   19.364703] zswap: loaded using pool lzo/zbud
[   19.386516] Key type trusted registered
[   19.401757] Key type encrypted registered
[   19.406284] AppArmor: AppArmor sha1 policy hashing enabled
[   19.419377] ima: No TPM chip found, activating TPM-bypass!
[   19.422881] evm: HMAC attrs: 0x1
[   19.447692]   Magic number: 13:297:601
[   19.465445] rtc_cmos rtc_cmos: setting system clock to 2017-04-14 21:34:17 UTC (1492205657)
[   19.485208] BIOS EDD facility v0.16 2004-Jun-25, 0 devices found
[   19.517785] EDD information not available.
[   19.526838] Freeing unused kernel memory: 1484K (ffffffff81f45000 - ffffffff820b8000)
[   19.587520] Write protecting the kernel read-only data: 14336k
[   19.615140] Freeing unused kernel memory: 1776K (ffff880001844000 - ffff880001a00000)
[   19.680509] Freeing unused kernel memory: 120K (ffff880001de2000 - ffff880001e00000)
Loading, please wait...
startin[   19.698538] random: systemd-udevd: uninitialized urandom read (16 bytes read, 5 bits of entropy available)
g version 229
[   19.699264] random: udevadm: uninitialized urandom read (16 bytes read, 5 bits of entropy available)
[   19.699306] random: udevadm: uninitialized urandom read (16 bytes read, 5 bits of entropy available)
[   19.699428] random: udevadm: uninitialized urandom read (16 bytes read, 5 bits of entropy available)
[   19.699473] random: udevadm: uninitialized urandom read (16 bytes read, 5 bits of entropy available)
[   19.699513] random: udevadm: uninitialized urandom read (16 bytes read, 5 bits of entropy available)
[   19.699558] random: udevadm: uninitialized urandom read (16 bytes read, 5 bits of entropy available)
[   19.699600] random: udevadm: uninitialized urandom read (16 bytes read, 5 bits of entropy available)
[   19.699639] random: udevadm: uninitialized urandom read (16 bytes read, 5 bits of entropy available)
[   19.699678] random: udevadm: uninitialized urandom read (16 bytes read, 5 bits of entropy available)
[   20.532395] e1000: Intel(R) PRO/1000 Network Driver - version 7.3.21-k8-NAPI
[   20.535609] e1000: Copyright (c) 1999-2006 Intel Corporation.
[   20.588680] AVX version of gcm_enc/dec engaged.
[   20.605039] Fusion MPT base driver 3.04.20
[   20.605040] Copyright (c) 1999-2008 LSI Corporation
[   20.633108] AES CTR mode by8 optimization enabled
[   20.642627] Fusion MPT SPI Host driver 3.04.20
[   20.783523] input: ImExPS/2 Generic Explorer Mouse as /devices/platform/i8042/serio1/input/input4
[   21.023761] e1000 0000:00:03.0 eth0: (PCI:33MHz:32-bit) 02:06:6d:81:c6:8d
[   21.080290] e1000 0000:00:03.0 eth0: Intel(R) PRO/1000 Network Connection
[   21.091346] mptbase: ioc0: Initiating bringup
[   21.092085] e1000 0000:00:03.0 enp0s3: renamed from eth0
[   21.193314] ioc0: LSI53C1030 A0: Capabilities={Initiator}
[   21.384401] scsi host2: ioc0: LSI53C1030 A0, FwRev=00000000h, Ports=1, MaxQ=256, IRQ=20
[   21.516870] scsi 2:0:0:0: Direct-Access     VBOX     HARDDISK         1.0  PQ: 0 ANSI: 5
[   21.611307] scsi target2:0:0: Beginning Domain Validation
[   21.687515] scsi target2:0:0: Domain Validation skipping write tests
[   23.162391] scsi target2:0:0: Ending Domain Validation
[   23.166484] scsi target2:0:0: asynchronous
[   23.171160] scsi 2:0:1:0: Direct-Access     VBOX     HARDDISK         1.0  PQ: 0 ANSI: 5
[   23.185375] scsi target2:0:1: Beginning Domain Validation
[   23.211113] scsi target2:0:1: Domain Validation skipping write tests
[   23.435688] scsi target2:0:1: Ending Domain Validation
[   24.190469] floppy0: no floppy controllers found
[   24.208164] scsi target2:0:1: asynchronous
[   24.240520] sd 2:0:0:0: [sda] 20971520 512-byte logical blocks: (10.7 GB/10.0 GiB)
[   24.249113] sd 2:0:0:0: Attached scsi generic sg0 type 0
[   24.251840] sd 2:0:0:0: [sda] Write Protect is off
[   24.252886] sd 2:0:1:0: Attached scsi generic sg1 type 0
[   24.253697] sd 2:0:1:0: [sdb] 20480 512-byte logical blocks: (10.5 MB/10.0 MiB)
[   24.253891] sd 2:0:1:0: [sdb] Write Protect is off
[   24.254014] sd 2:0:1:0: [sdb] Incomplete mode parameter data
[   24.254015] sd 2:0:1:0: [sdb] Assuming drive cache: write through
[   24.255689] sd 2:0:1:0: [sdb] Attached SCSI disk
[   24.655442] sd 2:0:0:0: [sda] Incomplete mode parameter data
[   24.720763] sd 2:0:0:0: [sda] Assuming drive cache: write through
[   24.801074]  sda: sda1
[   24.822425] sd 2:0:0:0: [sda] Attached SCSI disk
Begin: Loading e[   26.339274] md: linear personality registered for level -1
ssential drivers ... [   26.395388] md: multipath personality registered for level -4
[   26.402509] md: raid0 personality registered for level 0
[   26.427191] md: raid1 personality registered for level 1
[   26.604359] raid6: sse2x1   gen()  7753 MB/s
[   26.724203] raid6: sse2x1   xor()  5235 MB/s
[   26.844366] raid6: sse2x2   gen()  9664 MB/s
[   26.964343] raid6: sse2x2   xor()  6370 MB/s
[   27.084329] raid6: sse2x4   gen() 10446 MB/s
[   27.200277] raid6: sse2x4   xor()  7553 MB/s
[   27.210841] raid6: using algorithm sse2x4 gen() 10446 MB/s
[   27.246469] raid6: .... xor() 7553 MB/s, rmw enabled
[   27.310592] raid6: using ssse3x2 recovery algorithm
[   27.320888] xor: automatically using best checksumming function:
[   27.416543]    avx       : 21546.000 MB/sec
[   27.432557] async_tx: api initialized (async)
[   27.501200] md: raid6 personality registered for level 6
[   27.556774] md: raid5 personality registered for level 5
[   27.599856] md: raid4 personality registered for level 4
[   27.656668] md: raid10 personality registered for level 10
done.
Begin: Running /scripts/init-premount ... done.
Begin: Mounting root file system ... Begin: Running /scripts/local-top ... done.
Begin: Running /scripts/local-premount ... [   27.751744] Btrfs loaded
Scanning for Btrfs filesystems
done.
Warning: fsck not present, so sk[   27.809367] EXT4-fs (sda1): INFO: recovery required on readonly filesystem
ipping root file system
[   27.879815] EXT4-fs (sda1): write access will be enabled during recovery
[   27.970021] EXT4-fs (sda1): orphan cleanup on readonly fs
[   28.078376] EXT4-fs (sda1): 6 orphan inodes deleted
[   28.088089] EXT4-fs (sda1): recovery complete
[   28.098373] EXT4-fs (sda1): mounted filesystem with ordered data mode. Opts: (null)
done.
Begin: Running /scripts/local-bottom ... done.
Begin: Running /scripts/init-bottom ... done.
[   28.262247] systemd[1]: systemd 229 running in system mode. (+PAM +AUDIT +SELINUX +IMA +APPARMOR +SMACK +SYSVINIT +UTMP +LIBCRYPTSETUP +GCRYPT +GNUTLS +ACL +XZ -LZ4 +SECCOMP +BLKID +ELFUTILS +KMOD -IDN)
[   28.337691] systemd[1]: Detected virtualization oracle.
[   28.341925] systemd[1]: Detected architecture x86-64.

Welcome to [1mUbuntu 16.04.1 LTS[0m!

[   28.397443] systemd[1]: Set hostname to <ubuntu-xenial>.
[   28.588578] systemd[1]: Listening on /dev/initctl Compatibility Named Pipe.
[[0;32m  OK  [0m] Listening on /dev/initctl Compatibility Named Pipe.
[   28.633627] systemd[1]: Listening on udev Kernel Socket.
[[0;32m  OK  [0m] Listening on udev Kernel Socket.
[   28.689519] systemd[1]: Listening on Journal Socket.
[[0;32m  OK  [0m] Listening on Journal Socket.
[   28.783624] systemd[1]: Listening on Syslog Socket.
[[0;32m  OK  [0m] Listening on Syslog Socket.
[   28.832262] systemd[1]: Listening on Journal Socket (/dev/log).
[[0;32m  OK  [0m] Listening on Journal Socket (/dev/log).
[   28.873568] systemd[1]: Listening on Device-mapper event daemon FIFOs.
[[0;32m  OK  [0m] Listening on Device-mapper event daemon FIFOs.
[   29.033344] systemd[1]: Created slice User and Session Slice.
[[0;32m  OK  [0m] Created slice User and Session Slice.
[   29.224996] systemd[1]: Reached target Encrypted Volumes.
[[0;32m  OK  [0m] Reached target Encrypted Volumes.
[   29.344609] systemd[1]: Reached target Swap.
[[0;32m  OK  [0m] Reached target Swap.
[   29.480692] systemd[1]: Set up automount Arbitrary Executable File Formats File System Automount Point.
[[0;32m  OK  [0m] Set up automount Arbitrary Executab...ats File System Automount Point.
[   29.612979] systemd[1]: Created slice System Slice.
[[0;32m  OK  [0m] Created slice System Slice.
[   29.675517] systemd[1]: Created slice system-serial\x2dgetty.slice.
[[0;32m  OK  [0m] Created slice system-serial\x2dgetty.slice.
[   29.768961] systemd[1]: Mounting Huge Pages File System...
[   29.769899] random: nonblocking pool is initialized
         Mounting Huge Pages File System...
[   29.805078] systemd[1]: Starting Remount Root and Kernel File Systems...
[   29.810224] EXT4-fs (sda1): re-mounted. Opts: (null)
         Starting Remount Root and Kernel File Systems...
[   29.974283] systemd[1]: Reached target Slices.
[[0;32m  OK  [0m] Reached target Slices.
[   30.037029] systemd[1]: Mounting POSIX Message Queue File System...
         Mounting POSIX Message Queue File System...
[   30.208859] systemd[1]: Starting Load Kernel Modules...
[   30.221700] Loadin iSI tanorcls .070

         Starting Load Kernel Mo[   30.674817] iscsi: registered transport (tcp)
dules...
[   30.740507] systemd[1]: Mounting Debug File System...
         Mounting Debug File System...
[   30.761445] systemd[1]: Listening on LVM2 poll daemon socket.
[[0;32m  OK  [0m] Listening on LVM2 poll daemon socket.
[   30.785433] iscsi: registered transport (iser)
[   30.796571] systemd[1]: Listening on LVM2 metadata daemon socket.
[[0;32m  OK  [0m] Listening on LVM2 metadata daemon socket.
[   30.848669] systemd[1]: Starting Monitoring of LVM2 mirrors, snapshots etc. using dmeventd or progress polling...
         Starting Monitoring of LVM2 mirrors... dmeventd or progress polling...
[   31.092767] systemd[1]: Starting Nameserver information manager...
         Starting Nameserver information manager...
[   31.244940] systemd[1]: Starting Set console keymap...
         Starting Set console keymap...
[   31.304121] systemd[1]: Reached target User and Group Name Lookups.
[[0;32m  OK  [0m] Reached target User and Group Name Lookups.
[   31.323403] systemd[1]: Listening on Journal Audit Socket.
[[0;32m  OK  [0m] Listening on Journal Audit Socket.
[   31.368840] systemd[1]: Starting Journal Service...
         Starting Journal Service...
[   31.413069] systemd[1]: Started Forward Password Requests to Wall Directory Watch.
[[0;32m  OK  [0m] Started Forward Password Requests to Wall Directory Watch.
[   31.452894] systemd[1]: Starting Create list of required static device nodes for the current kernel...
         Starting Create list of required st... nodes for the current kernel...
[   31.520571] systemd[1]: Starting Uncomplicated firewall...
         Starting Uncomplicated firewall...
[   31.613428] systemd[1]: Listening on udev Control Socket.
[[0;32m  OK  [0m] Listening on udev Control Socket.
[   31.674044] systemd[1]: Mounted Huge Pages File System.
[[0;32m  OK  [0m] Mounted Huge Pages File System.
[   31.760950] systemd[1]: Mounted Debug File System.
[[0;32m  OK  [0m] Mounted Debug File System.
[   31.876594] systemd[1]: Mounted POSIX Message Queue File System.
[[0;32m  OK  [0m] Mounted POSIX Message Queue File System.
[   31.952800] systemd[1]: Started Journal Service.
[[0;32m  OK  [0m] Started Journal Service.
[[0;32m  OK  [0m] Started Remount Root and Kernel File Systems.
[[0;32m  OK  [0m] Started Load Kernel Modules.
[[0;32m  OK  [0m] Started Set console keymap.
[[0;32m  OK  [0m] Started Create list of required sta...ce nodes for the current kernel.
[[0;32m  OK  [0m] Started Uncomplicated firewall.
[[0;32m  OK  [0m] Started Nameserver information manager.
[[0;32m  OK  [0m] Started LVM2 metadata daemon.
         Starting Create Static Device Nodes in /dev...
         Mounting FUSE Control File System...
         Starting Apply Kernel Variables...
         Starting udev Coldplug all Devices...
         Starting Initial cloud-init job (pre-networking)...
         Starting Load/Save Random Seed...
         Starting Flush Journal to Persistent Storage...
[[0;32m  OK  [0m] Mounted FUSE Control File System.
[[0;32m  OK  [0m] Started Create Static Device Nodes in /dev.
[[0;32m  OK  [0m] Started Monitoring of LVM2 mirrors,...ng dmeventd or progress polling.
[[0;32m  OK  [0m] Started Apply Kernel Variables.
[[0;32m  OK  [0m] Started Load/Save Random Seed.
[[0;32m  OK  [0m] Started udev Coldplug all Devices.
[[0;32m  OK  [0m] Started Flush Journal to Persistent Storage.
         Starting udev Kernel Device Manager...
[[0;32m  OK  [0m] Started udev Kernel Device Manager.
[[0;32m  OK  [0m] Started Dispatch Password Requests to Console Directory Watch.
[[0;32m  OK  [0m] Reached target Local File Systems (Pre).
[[0;32m  OK  [0m] Reached target Local File Systems.
         Starting Set console font and keymap...
         Starting LSB: AppArmor initialization...
         Starting Tell Plymouth To Write Out Runtime Data...
         Starting Create Volatile Files and Directories...
[[0;32m  OK  [0m] Started Tell Plymouth To Write Out Runtime Data.
[[0;32m  OK  [0m] Started Create Volatile Files and Directories.
[[0;32m  OK  [0m] Found device /dev/ttyS0.
[[0;32m  OK  [0m] Listening on Load/Save RF Kill Switch Status /dev/rfkill Watch.
[[0;32m  OK  [0m] Reached target System Time Synchronized.
         Starting Update UTMP about System Boot/Shutdown...
[[0;32m  OK  [0m] Started Set console font and keymap.
[[0;32m  OK  [0m] Found device 82540EM Gigabit Ethern...r (PRO/1000 MT Desktop Adapter).
[[0;32m  OK  [0m] Created slice system-getty.slice.
[[0;32m  OK  [0m] Started Update UTMP about System Boot/Shutdown.
[[0;32m  OK  [0m] Started LSB: AppArmor initialization.
[   57.042614] cloud-init[451]: Cloud-init v. 0.7.8 running 'init-local' at Fri, 14 Apr 2017 21:34:31 +0000. Up 25.11 seconds.
[[0;32m  OK  [0m] Started Initial cloud-init job (pre-networking).
[[0;32m  OK  [0m] Reached target Network (Pre).
[[0;32m  OK  [0m] Started ifup for enp0s3.
         Starting Raise network interfaces...
[[0;32m  OK  [0m] Started Raise network interfaces.
[[0;32m  OK  [0m] Reached target Network.
         Starting Initial cloud-init job (metadata service crawler)...
[   58.037447] cloud-init[961]: Cloud-init v. 0.7.8 running 'init' at Fri, 14 Apr 2017 21:35:04 +0000. Up 57.76 seconds.
[   58.113107] [cloud-init[0;32m  OK  [0m[961]: ] ci-info: +++++++++++++++++++++++++++++++++++++Net device info+++++++++++++++++++++++++++++++++++++Started Initial cloud-init job (metadata service crawler).

[   58.114196] cloud-init[961]: ci-info: +--------+------+---------------------------+---------------+-------+-------------------+
[   58.352998] [cloud-init[0;32m  OK  [0m[961]: ] ci-info: | Device |  Up  |          Address          |      Mask     | Scope |     Hw-Address    |Reached target Cloud-config availability.

[   58.388557] [cloud-init[0;32m  OK  [0m[961]: ] ci-info: +--------+------+---------------------------+---------------+-------+-------------------+Reached target Network is Online.

[   58.452422]          cloud-initStarting iSCSI initiator daemon (iscsid)...[961]: 
ci-info: | enp0s3 | True |         10.0.2.15         | 255.255.255.0 |   .   | 02:06:6d:81:c6:8d |
[   58.549065] [cloud-init[0;32m  OK  [0m[961]: ] ci-info: | enp0s3 | True | fe80::6:6dff:fe81:c68d/64 |       .       |  link | 02:06:6d:81:c6:8d |Reached target System Initialization.

[[0;32m  OK  [0m] Started Daily Cleanup of Temporary Directories.
[   58.550087] cloud-init[961]: ci-info: |   lo   | True |         127.0.0.1         |   255.0.0.0   |   .   |         .         |
[   58.776690] [cloud-init[0;32m  OK  [0m[961]: ] ci-info: |   lo   | True |          ::1/128          |       .       |  host |         .         |Started ACPI Events Check.

[   58.777502] cloud-init[961]: ci-info: +--------+------+---------------------------+---------------+-------+-------------------+         
Starting Socket activation for snappy daemon.
[   58.866004] cloud-init         [961]: Starting LXD - unix socket.ci-info: +++++++++++++++++++++++++++Route IPv4 info++++++++++++++++++++++++++++

[   59.152778] [cloud-init[0;32m  OK  [0m[961]: ] ci-info: +-------+-------------+----------+---------------+-----------+-------+Listening on UUID daemon activation socket.

[   59.153710] [cloud-init[0;32m  OK  [0m[961]: ] ci-info: | Route | Destination | Gateway  |    Genmask    | Interface | Flags |Started Timer to automatically refresh installed snaps.

[   59.416809] [cloud-init[0;32m  OK  [0m[961]: ] ci-info: +-------+-------------+----------+---------------+-----------+-------+Started Daily apt activities.

[   59.418024] [cloud-init[0;32m  OK  [0m[961]: ] ci-info: |   0   |   0.0.0.0   | 10.0.2.2 |    0.0.0.0    |   enp0s3  |   UG  |Reached target Timers.

[   59.600544] [cloud-init[0;32m  OK  [0m[961]: ] ci-info: |   1   |   10.0.2.0  | 0.0.0.0  | 255.255.255.0 |   enp0s3  |   U   |Listening on ACPID Listen Socket.

[[0;32m  OK  [0m] Listening on D-Bus System Message Bus Socket.
[   59.601244] cloud-init[961]: ci-info: +-------+-------------+----------+---------------+-----------+-------+
[[0;32m  OK  [0m] Started Trigger resolvconf update for networkd DNS.
[[0;32m  OK  [0m] Reached target Paths.
[[0;32m  OK  [0m] Listening on Socket activation for snappy daemon.
[[0;32m  OK  [0m] Listening on LXD - unix socket.
[[0;32m  OK  [0m] Started iSCSI initiator daemon (iscsid).
         Starting Login to default iSCSI targets...
[[0;32m  OK  [0m] Reached target Sockets.
[[0;32m  OK  [0m] Reached target Basic System.
         Starting MySQL Community Server...
         Starting Apply the settings specified in cloud-config...
         Starting LSB: Record successful boot for GRUB...
         Starting /etc/rc.local Compatibility...
         Starting Accounts Service...
[[0;32m  OK  [0m] Started D-Bus System Message Bus.
[[0;32m  OK  [0m] Started FUSE filesystem for LXC.
         Starting OpenBSD Secure Shell server...
         Starting System Logging Service...
         Starting LSB: MD monitoring daemon...
[[0;32m  OK  [0m] Started Regular background program processing daemon.
         Starting Login Service...
         Starting LXD - container startup/shutdown...
[[0;32m  OK  [0m] Started Deferred execution scheduler.
[   60.804407] cloud-init[1020]: Cloud-init v. 0.7.8 running 'modules:config' at Fri, 14 Apr 2017 21:35:07 +0000. Up 60.59 seconds.
[[0;32m  OK  [0m] Started ACPI event daemon.
[[0;32m  OK  [0m] Started Snappy daemon.
         Starting Auto import assertions from block devices...
[[0;32m  OK  [0m] Started OpenBSD Secure Shell server.
[[0;32m  OK  [0m] Started System Logging Service.
[[0;32m  OK  [0m] Started Apply the settings specified in cloud-config.
[[0;32m  OK  [0m] Started /etc/rc.local Compatibility.
[[0;32m  OK  [0m] Started LXD - container startup/shutdown.
[[0;32m  OK  [0m] Started Auto import assertions from block devices.
[[0;32m  OK  [0m] Started Login to default iSCSI targets.
[[0;32m  OK  [0m] Started LSB: Record successful boot for GRUB.
[[0;32m  OK  [0m] Started LSB: MD monitoring daemon.
         Starting Authenticate and Authorize Users to Run Privileged Tasks...
[[0;32m  OK  [0m] Reached target Remote File Systems (Pre).
[[0;32m  OK  [0m] Reached target Remote File Systems.
         Starting LSB: automatic crash report generation...
         Starting LSB: daemon to balance interrupts for SMP systems...
         Starting LSB: Apache2 web server...
         Starting LSB: Set the CPU Frequency Scaling governor to "ondemand"...
         Starting Permit User Sessions...
         Starting LSB: VirtualBox Linux Additions...
[[0;32m  OK  [0m] Started Permit User Sessions.
[[0;32m  OK  [0m] Started Login Service.
[[0;32m  OK  [0m] Started Authenticate and Authorize Users to Run Privileged Tasks.
[[0;32m  OK  [0m] Started Accounts Service.
[[0;32m  OK  [0m] Started LSB: Set the CPU Frequency Scaling governor to "ondemand".
[[0;32m  OK  [0m] Started LSB: automatic crash report generation.
[[0;32m  OK  [0m] Started LSB: daemon to balance interrupts for SMP systems.
         Starting Terminate Plymouth Boot Screen...
         Starting Hold until boot process finishes up...
[[0;32m  OK  [0m] Started Terminate Plymouth Boot Screen.
[[0;32m  OK  [0m] Started LSB: VirtualBox Linux Additions.
[[0;32m  OK  [0m] Started Hold until boot process finishes up.
         Starting Set console scheme...
[[0;32m  OK  [0m] Started Serial Getty on ttyS0.
[[0;32m  OK  [0m] Started Getty on tty1.
[[0;32m  OK  [0m] Reached target Login Prompts.
[[0;32m  OK  [0m] Started Set console scheme.
[[0;32m  OK  [0m] Started LSB: Apache2 web server.
[[0;32m  OK  [0m] Created slice User Slice of ubuntu.
         Starting User Manager for UID 1000...
[[0;32m  OK  [0m] Started User Manager for UID 1000.
[[0;32m  OK  [0m] Started Session 1 of user ubuntu.
         Stopping User Manager for UID 1000...
[[0;32m  OK  [0m] Stopped User Manager for UID 1000.
[[0;32m  OK  [0m] Removed slice User Slice of ubuntu.

Ubuntu 16.04.1 LTS ubuntu-xenial ttyS0

ubuntu-xenial login: [   93.518291] cloud-init[1485]: Cloud-init v. 0.7.8 running 'modules:final' at Fri, 14 Apr 2017 21:35:40 +0000. Up 93.39 seconds.
[   93.518727] cloud-init[1485]: Cloud-init v. 0.7.8 finished at Fri, 14 Apr 2017 21:35:40 +0000. Datasource DataSourceNoCloud [seed=/dev/sdb][dsmode=net].  Up 93.50 seconds
